0 info it worked if it ends with ok
1 verbose cli [ 'node', '/usr/local/bin/npm', 'install', '-g', 'coffee~1.6' ]
2 info using npm@1.4.9
3 info using node@v0.10.28
4 verbose cache add [ 'coffee~1.6', null ]
5 verbose cache add name=undefined spec="coffee~1.6" args=["coffee~1.6",null]
6 verbose parsed url { protocol: null,
6 verbose parsed url   slashes: null,
6 verbose parsed url   auth: null,
6 verbose parsed url   host: null,
6 verbose parsed url   port: null,
6 verbose parsed url   hostname: null,
6 verbose parsed url   hash: null,
6 verbose parsed url   search: null,
6 verbose parsed url   query: null,
6 verbose parsed url   pathname: 'coffee~1.6',
6 verbose parsed url   path: 'coffee~1.6',
6 verbose parsed url   href: 'coffee~1.6' }
7 silly lockFile 93796970-coffee-1-6 coffee~1.6
8 verbose lock coffee~1.6 /Users/fp-user/.npm/93796970-coffee-1-6.lock
9 silly lockFile 93796970-coffee-1-6 coffee~1.6
10 silly lockFile 93796970-coffee-1-6 coffee~1.6
11 verbose addNamed [ 'coffee~1.6', '' ]
12 verbose addNamed [ null, '*' ]
13 silly lockFile b46731ed-coffee-1-6 coffee~1.6@
14 verbose lock coffee~1.6@ /Users/fp-user/.npm/b46731ed-coffee-1-6.lock
15 silly addNameRange { name: 'coffee~1.6', range: '*', hasData: false }
16 verbose url raw coffee~1.6
17 verbose url resolving [ 'https://registry.npmjs.org/', './coffee~1.6' ]
18 verbose url resolved https://registry.npmjs.org/coffee~1.6
19 info trying registry request attempt 1 at 17:46:16
20 http GET https://registry.npmjs.org/coffee~1.6
21 http 404 https://registry.npmjs.org/coffee~1.6
22 verbose headers { server: 'CouchDB/1.5.0 (Erlang OTP/R16B03)',
22 verbose headers   'content-type': 'application/json',
22 verbose headers   'cache-control': 'max-age=0',
22 verbose headers   'content-length': '51',
22 verbose headers   'accept-ranges': 'bytes',
22 verbose headers   date: 'Sun, 03 May 2015 00:46:16 GMT',
22 verbose headers   via: '1.1 varnish',
22 verbose headers   age: '0',
22 verbose headers   connection: 'keep-alive',
22 verbose headers   'x-served-by': 'cache-sjc3131-SJC',
22 verbose headers   'x-cache': 'MISS',
22 verbose headers   'x-cache-hits': '0',
22 verbose headers   'x-timer': 'S1430613976.498783,VS0,VE152' }
23 silly registry.get cb [ 404,
23 silly registry.get   { server: 'CouchDB/1.5.0 (Erlang OTP/R16B03)',
23 silly registry.get     'content-type': 'application/json',
23 silly registry.get     'cache-control': 'max-age=0',
23 silly registry.get     'content-length': '51',
23 silly registry.get     'accept-ranges': 'bytes',
23 silly registry.get     date: 'Sun, 03 May 2015 00:46:16 GMT',
23 silly registry.get     via: '1.1 varnish',
23 silly registry.get     age: '0',
23 silly registry.get     connection: 'keep-alive',
23 silly registry.get     'x-served-by': 'cache-sjc3131-SJC',
23 silly registry.get     'x-cache': 'MISS',
23 silly registry.get     'x-cache-hits': '0',
23 silly registry.get     'x-timer': 'S1430613976.498783,VS0,VE152' } ]
24 silly lockFile b46731ed-coffee-1-6 coffee~1.6@
25 silly lockFile b46731ed-coffee-1-6 coffee~1.6@
26 error 404 404 Not Found: coffee~1.6
26 error 404
26 error 404 'coffee~1.6' is not in the npm registry.
26 error 404 You should bug the author to publish it
26 error 404
26 error 404 Note that you can also install from a
26 error 404 tarball, folder, or http url, or git url.
27 error System Darwin 14.1.0
28 error command "node" "/usr/local/bin/npm" "install" "-g" "coffee~1.6"
29 error cwd /Users/fp-user/ddr0.github.com
30 error node -v v0.10.28
31 error npm -v 1.4.9
32 error code E404
33 verbose exit [ 1, true ]
